#
# A fatal error has been detected by the Java Runtime Environment:
#
#  Internal Error (javaClasses.cpp:136), pid=7400, tid=5228
#  fatal error: Invalid layout of preloaded class
#
# JRE version:  (7.0_51-b13) (build )
# Java VM: Java HotSpot(TM) 64-Bit Server VM (24.51-b03 mixed mode windows-amd64 compressed oops)
# Failed to write core dump. Minidumps are not enabled by default on client versions of Windows
#
# If you would like to submit a bug report, please visit:
#   http://bugreport.sun.com/bugreport/crash.jsp
#

---------------  T H R E A D  ---------------

Current thread (0x0000000002860800):  JavaThread "Unknown thread" [_thread_in_vm, id=5228, stack(0x0000000002730000,0x0000000002830000)]

Stack: [0x0000000002730000,0x0000000002830000]

---------------  P R O C E S S  ---------------

Java Threads: ( => current thread )

Other Threads:

=>0x0000000002860800 (exited) JavaThread "Unknown thread" [_thread_in_vm, id=5228, stack(0x0000000002730000,0x0000000002830000)]

VM state:not at safepoint (not fully initialized)

VM Mutex/Monitor currently owned by a thread: None

GC Heap History (0 events):
No events

Deoptimization events (0 events):
No events

Internal exceptions (0 events):
No events

Events (10 events):
Event: 0.010 loading class 0x00000000028a41a0 done
Event: 0.010 loading class 0x00000000028a3bc0 done
Event: 0.010 loading class 0x00000000028a3ba0
Event: 0.010 loading class 0x00000000028abca0
Event: 0.010 loading class 0x00000000028abca0 done
Event: 0.010 loading class 0x00000000028abcd0
Event: 0.010 loading class 0x00000000028abcd0 done
Event: 0.010 loading class 0x00000000028abd00
Event: 0.010 loading class 0x00000000028abd00 done
Event: 0.010 loading class 0x00000000028a3ba0 done


Dynamic libraries:
0x00007ff7f0990000 - 0x00007ff7f09c3000 	C:\Java\jre7\bin\javaw.exe
0x00007ff823400000 - 0x00007ff8235a9000 	C:\windows\SYSTEM32\ntdll.dll
0x00007ff822c70000 - 0x00007ff822da9000 	C:\windows\system32\KERNEL32.DLL
0x00007ff820850000 - 0x00007ff82095f000 	C:\windows\system32\KERNELBASE.dll
0x00007ff81f3b0000 - 0x00007ff81f43b000 	C:\windows\system32\apphelp.dll
0x00007ff818330000 - 0x00007ff81837f000 	C:\windows\AppPatch\AppPatch64\AcGenral.DLL
0x00007ff8226a0000 - 0x00007ff822747000 	C:\windows\system32\msvcrt.dll
0x00007ff820630000 - 0x00007ff82065b000 	C:\windows\SYSTEM32\SspiCli.dll
0x00007ff823210000 - 0x00007ff823261000 	C:\windows\system32\SHLWAPI.dll
0x00007ff822850000 - 0x00007ff8229c1000 	C:\windows\system32\USER32.dll
0x00007ff823280000 - 0x00007ff8233f6000 	C:\windows\system32\ole32.dll
0x00007ff821180000 - 0x00007ff822590000 	C:\windows\system32\SHELL32.dll
0x00007ff8201e0000 - 0x00007ff8201ff000 	C:\windows\SYSTEM32\USERENV.dll
0x00007ff822590000 - 0x00007ff822635000 	C:\windows\system32\ADVAPI32.dll
0x00007ff816620000 - 0x00007ff81663b000 	C:\windows\SYSTEM32\MPR.dll
0x00007ff820e70000 - 0x00007ff820fa6000 	C:\windows\system32\RPCRT4.dll
0x00007ff822db0000 - 0x00007ff822e07000 	C:\windows\SYSTEM32\sechost.dll
0x00007ff822f70000 - 0x00007ff823147000 	C:\windows\SYSTEM32\combase.dll
0x00007ff820fd0000 - 0x00007ff821115000 	C:\windows\system32\GDI32.dll
0x00007ff820780000 - 0x00007ff820794000 	C:\windows\SYSTEM32\profapi.dll
0x00007ff81ec30000 - 0x00007ff81ecd1000 	C:\windows\SYSTEM32\SHCORE.dll
0x00007ff820e30000 - 0x00007ff820e64000 	C:\windows\system32\IMM32.DLL
0x00007ff822e10000 - 0x00007ff822f48000 	C:\windows\system32\MSCTF.dll
0x00007ff81e0b0000 - 0x00007ff81e30a000 	C:\windows\WinSxS\amd64_microsoft.windows.common-controls_6595b64144ccf1df_6.0.9600.16384_none_62475f7becb72503\COMCTL32.dll
0x00000000616d0000 - 0x00000000617a2000 	C:\Java\jre7\bin\msvcr100.dll
0x0000000060620000 - 0x0000000060de9000 	C:\Java\jre7\bin\server\jvm.dll
0x00007ff809dd0000 - 0x00007ff809dd9000 	C:\windows\SYSTEM32\WSOCK32.dll
0x00007ff8165e0000 - 0x00007ff8165ff000 	C:\windows\SYSTEM32\WINMM.dll
0x00007ff823270000 - 0x00007ff823277000 	C:\windows\system32\PSAPI.DLL
0x00007ff822640000 - 0x00007ff822698000 	C:\windows\system32\WS2_32.dll
0x00007ff8165b0000 - 0x00007ff8165da000 	C:\windows\SYSTEM32\WINMMBASE.dll
0x00007ff823150000 - 0x00007ff823159000 	C:\windows\system32\NSI.dll
0x00007ff820b90000 - 0x00007ff820bda000 	C:\windows\SYSTEM32\cfgmgr32.dll
0x00007ff81f600000 - 0x00007ff81f626000 	C:\windows\SYSTEM32\DEVOBJ.dll
0x00000000616c0000 - 0x00000000616cf000 	C:\Java\jre7\bin\verify.dll
0x0000000061690000 - 0x00000000616b8000 	C:\Java\jre7\bin\java.dll
0x0000000061670000 - 0x0000000061685000 	C:\Java\jre7\bin\zip.dll

VM Arguments:
jvm_args: -Dfile.encoding=UTF-8 -Xbootclasspath:C:\SkyDrive\ADT\platforms\android-19\android.jar 
java_command: com.lfs.android.activity.Foo$1
Launcher Type: SUN_STANDARD

Environment Variables:
PATH=C:\Program Files (x86)\Intel\iCLS Client\;C:\Program Files\Intel\iCLS Client\;C:\windows\system32;C:\windows;C:\windows\System32\Wbem;C:\windows\System32\WindowsPowerShell\v1.0\;C:\Program Files (x86)\Intel\OpenCL SDK\2.0\bin\x86;C:\Program Files (x86)\Intel\OpenCL SDK\2.0\bin\x64;C:\Program Files\TortoiseSVN\bin
USERNAME=й©ки
OS=Windows_NT
PROCESSOR_IDENTIFIER=Intel64 Family 6 Model 42 Stepping 7, GenuineIntel



---------------  S Y S T E M  ---------------

OS: Windows 8 , 64 bit Build 9200 

CPU:total 4 (4 cores per cpu, 1 threads per core) family 6 model 42 stepping 7, cmov, cx8, fxsr, mmx, sse, sse2, sse3, ssse3, sse4.1, sse4.2, popcnt, avx, aes, tsc, tscinvbit

Memory: 4k page, physical 4104832k(852220k free), swap 8299136k(3107436k free)

vm_info: Java HotSpot(TM) 64-Bit Server VM (24.51-b03) for windows-amd64 JRE (1.7.0_51-b13), built on Dec 18 2013 18:40:56 by "java_re" with unknown MS VC++:1600

time: Sat Mar 29 00:24:12 2014
elapsed time: 0 seconds

