[app] 2016-11-07 15:28:50 [INFO ] (Listener:26) 系统配置信息初始化开始...
[app] 2016-11-07 15:28:50 [INFO ] (Listener:28) 系统配置信息初始化结束...
[app] 2016-11-07 15:28:50 [INFO ] (Listener:29) 系统初始化数据源开始...
[app] 2016-11-07 15:28:50 [INFO ] (MLog:80) MLog clients using log4j logging.
[app] 2016-11-07 15:28:50 [WARN ] (BeansUtils:225) Property inaccessible for overwriting: password
[app] 2016-11-07 15:28:50 [INFO ] (C3P0Registry:204) Initializing c3p0-0.9.2-pre8 [built 19-December-2012 15:00:02 +0000; debug? true; trace: 10]
[app] 2016-11-07 15:28:50 [INFO ] (Listener:31) 系统初始化数据源结束...
[app] 2016-11-07 15:28:58 [INFO ] (Servlet:41) 进入servlet: com.xxx.web.http.servlet.Servlet...
[app] 2016-11-07 15:28:58 [INFO ] (Servlet:55) 通过反射实例化对应的Action，className为:com.xxx.lfs.action.FunctionAction
[app] 2016-11-07 15:28:58 [INFO ] (Servlet:58) 实例化成功，执行默认方法...
[app] 2016-11-07 15:28:58 [INFO ] (FunctionAction:52) 进入function方法前执行before方法...
[app] 2016-11-07 15:28:58 [INFO ] (FunctionAction:54) 进入function方法...
[app] 2016-11-07 15:28:58 [INFO ] (FunctionAction:54) httpRequest请求的json参数为：{"function":"F100001","user":{"id":"1","session":"123"},"content":{"lfs_post":"\"url\":\"http://we.99btgc.info\",\"title\":\"av12\",\"id\":\"1\""}}
[app] 2016-11-07 15:28:58 [INFO ] (FunctionAction:132) 进入具体功能号：F100001
[app] 2016-11-07 15:28:58 [INFO ] (FunctionAction:84) httpRequest请求处理后返回的信息为：errorNo=500 ;errorInfo=系统内部错误！  ;list<DataRow>=
[app] 2016-11-07 15:28:58 [INFO ] (FunctionAction:57) 进入function方法后执行after方法...
[app] 2016-11-07 15:28:58 [INFO ] (Servlet:60) 完成默认方法...
[app] 2016-11-07 15:28:58 [INFO ] (Servlet:61) 完成Action:com.xxx.lfs.action.FunctionAction处理...
[app] 2016-11-07 15:28:58 [INFO ] (Servlet:65) 完成servlet:com.xxx.web.http.servlet.Servlet跳转并返回...
[app] 2016-11-07 15:34:12 [INFO ] (Listener:26) 系统配置信息初始化开始...
[app] 2016-11-07 15:34:12 [INFO ] (Listener:28) 系统配置信息初始化结束...
[app] 2016-11-07 15:34:12 [INFO ] (Listener:29) 系统初始化数据源开始...
[app] 2016-11-07 15:34:12 [INFO ] (MLog:80) MLog clients using log4j logging.
[app] 2016-11-07 15:34:12 [WARN ] (BeansUtils:225) Property inaccessible for overwriting: password
[app] 2016-11-07 15:34:12 [INFO ] (C3P0Registry:204) Initializing c3p0-0.9.2-pre8 [built 19-December-2012 15:00:02 +0000; debug? true; trace: 10]
[app] 2016-11-07 15:34:12 [INFO ] (Listener:31) 系统初始化数据源结束...
[app] 2016-11-07 15:35:36 [INFO ] (Servlet:41) 进入servlet: com.xxx.web.http.servlet.Servlet...
[app] 2016-11-07 15:35:36 [INFO ] (Servlet:55) 通过反射实例化对应的Action，className为:com.xxx.lfs.action.FunctionAction
[app] 2016-11-07 15:35:36 [INFO ] (Servlet:58) 实例化成功，执行默认方法...
[app] 2016-11-07 15:35:36 [INFO ] (FunctionAction:52) 进入function方法前执行before方法...
[app] 2016-11-07 15:35:36 [INFO ] (FunctionAction:54) 进入function方法...
[app] 2016-11-07 15:35:36 [INFO ] (FunctionAction:54) httpRequest请求的json参数为：{    "content":{"url":"http://we.99btgc.info","title":"av1","id":"1"},    "head":{"function":"F100001","user":{"session":"","user_id":""}} }
[app] 2016-11-07 15:35:36 [INFO ] (FunctionAction:132) 进入具体功能号：
[app] 2016-11-07 15:35:36 [INFO ] (FunctionAction:84) httpRequest请求处理后返回的信息为：errorNo=500 ;errorInfo=系统内部错误！  ;list<DataRow>=
[app] 2016-11-07 15:35:36 [INFO ] (FunctionAction:57) 进入function方法后执行after方法...
[app] 2016-11-07 15:35:36 [INFO ] (Servlet:60) 完成默认方法...
[app] 2016-11-07 15:35:36 [INFO ] (Servlet:61) 完成Action:com.xxx.lfs.action.FunctionAction处理...
[app] 2016-11-07 15:35:36 [INFO ] (Servlet:65) 完成servlet:com.xxx.web.http.servlet.Servlet跳转并返回...
[app] 2016-11-07 15:36:42 [INFO ] (Servlet:41) 进入servlet: com.xxx.web.http.servlet.Servlet...
[app] 2016-11-07 15:36:42 [INFO ] (Servlet:55) 通过反射实例化对应的Action，className为:com.xxx.lfs.action.FunctionAction
[app] 2016-11-07 15:36:42 [INFO ] (Servlet:58) 实例化成功，执行默认方法...
[app] 2016-11-07 15:36:42 [INFO ] (FunctionAction:52) 进入function方法前执行before方法...
[app] 2016-11-07 15:36:42 [INFO ] (FunctionAction:54) 进入function方法...
[app] 2016-11-07 15:36:42 [INFO ] (FunctionAction:54) httpRequest请求的json参数为：{"function":"F100001","user":{"id":"1","session":"123"},"content":{"lfs_post":"\"url\":\"http://we.99btgc.info\",\"title\":\"av12\",\"id\":\"1\""}}
[app] 2016-11-07 15:36:42 [INFO ] (FunctionAction:132) 进入具体功能号：F100001
[app] 2016-11-07 15:36:42 [INFO ] (FunctionAction:84) httpRequest请求处理后返回的信息为：errorNo=500 ;errorInfo=系统内部错误！  ;list<DataRow>=
[app] 2016-11-07 15:36:42 [INFO ] (FunctionAction:57) 进入function方法后执行after方法...
[app] 2016-11-07 15:36:42 [INFO ] (Servlet:60) 完成默认方法...
[app] 2016-11-07 15:36:42 [INFO ] (Servlet:61) 完成Action:com.xxx.lfs.action.FunctionAction处理...
[app] 2016-11-07 15:36:42 [INFO ] (Servlet:65) 完成servlet:com.xxx.web.http.servlet.Servlet跳转并返回...
[app] 2016-11-07 15:38:43 [INFO ] (Servlet:41) 进入servlet: com.xxx.web.http.servlet.Servlet...
[app] 2016-11-07 15:38:43 [INFO ] (Servlet:55) 通过反射实例化对应的Action，className为:com.xxx.lfs.action.FunctionAction
[app] 2016-11-07 15:38:43 [INFO ] (Servlet:58) 实例化成功，执行默认方法...
[app] 2016-11-07 15:38:43 [INFO ] (FunctionAction:52) 进入function方法前执行before方法...
[app] 2016-11-07 15:38:43 [INFO ] (FunctionAction:54) 进入function方法...
[app] 2016-11-07 15:38:43 [INFO ] (FunctionAction:54) httpRequest请求的json参数为：{"function":"F100001","user":{"id":"1","session":"123"},"content":{"lfs_post":"{\"url\":\"http://we.99btgc.info\",\"title\":\"av12\",\"id\":\"1\"}"}}
[app] 2016-11-07 15:38:43 [INFO ] (FunctionAction:132) 进入具体功能号：F100001
[app] 2016-11-07 15:38:43 [INFO ] (ProducerConfig:178) ProducerConfig values: 
	metric.reporters = []
	metadata.max.age.ms = 300000
	reconnect.backoff.ms = 50
	sasl.kerberos.ticket.renew.window.factor = 0.8
	bootstrap.servers = [localhost:9092]
	ssl.keystore.type = JKS
	sasl.mechanism = GSSAPI
	max.block.ms = 60000
	interceptor.classes = null
	ssl.truststore.password = null
	client.id = 
	ssl.endpoint.identification.algorithm = null
	request.timeout.ms = 30000
	acks = all
	receive.buffer.bytes = 32768
	ssl.truststore.type = JKS
	retries = 0
	ssl.truststore.location = null
	ssl.keystore.password = null
	send.buffer.bytes = 131072
	compression.type = none
	metadata.fetch.timeout.ms = 60000
	retry.backoff.ms = 100
	sasl.kerberos.kinit.cmd = /usr/bin/kinit
	buffer.memory = 33554432
	timeout.ms = 30000
	key.serializer = class org.apache.kafka.common.serialization.StringSerializer
	sasl.kerberos.service.name = null
	sasl.kerberos.ticket.renew.jitter = 0.05
	ssl.trustmanager.algorithm = PKIX
	block.on.buffer.full = false
	ssl.key.password = null
	sasl.kerberos.min.time.before.relogin = 60000
	connections.max.idle.ms = 540000
	max.in.flight.requests.per.connection = 5
	metrics.num.samples = 2
	ssl.protocol = TLS
	ssl.provider = null
	ssl.enabled.protocols = [TLSv1.2, TLSv1.1, TLSv1]
	batch.size = 16384
	ssl.keystore.location = null
	ssl.cipher.suites = null
	security.protocol = PLAINTEXT
	max.request.size = 1048576
	value.serializer = class org.apache.kafka.common.serialization.StringSerializer
	ssl.keymanager.algorithm = SunX509
	metrics.sample.window.ms = 30000
	partitioner.class = class org.apache.kafka.clients.producer.internals.DefaultPartitioner
	linger.ms = 1

[app] 2016-11-07 15:38:43 [INFO ] (ProducerConfig:178) ProducerConfig values: 
	metric.reporters = []
	metadata.max.age.ms = 300000
	reconnect.backoff.ms = 50
	sasl.kerberos.ticket.renew.window.factor = 0.8
	bootstrap.servers = [localhost:9092]
	ssl.keystore.type = JKS
	sasl.mechanism = GSSAPI
	max.block.ms = 60000
	interceptor.classes = null
	ssl.truststore.password = null
	client.id = producer-1
	ssl.endpoint.identification.algorithm = null
	request.timeout.ms = 30000
	acks = all
	receive.buffer.bytes = 32768
	ssl.truststore.type = JKS
	retries = 0
	ssl.truststore.location = null
	ssl.keystore.password = null
	send.buffer.bytes = 131072
	compression.type = none
	metadata.fetch.timeout.ms = 60000
	retry.backoff.ms = 100
	sasl.kerberos.kinit.cmd = /usr/bin/kinit
	buffer.memory = 33554432
	timeout.ms = 30000
	key.serializer = class org.apache.kafka.common.serialization.StringSerializer
	sasl.kerberos.service.name = null
	sasl.kerberos.ticket.renew.jitter = 0.05
	ssl.trustmanager.algorithm = PKIX
	block.on.buffer.full = false
	ssl.key.password = null
	sasl.kerberos.min.time.before.relogin = 60000
	connections.max.idle.ms = 540000
	max.in.flight.requests.per.connection = 5
	metrics.num.samples = 2
	ssl.protocol = TLS
	ssl.provider = null
	ssl.enabled.protocols = [TLSv1.2, TLSv1.1, TLSv1]
	batch.size = 16384
	ssl.keystore.location = null
	ssl.cipher.suites = null
	security.protocol = PLAINTEXT
	max.request.size = 1048576
	value.serializer = class org.apache.kafka.common.serialization.StringSerializer
	ssl.keymanager.algorithm = SunX509
	metrics.sample.window.ms = 30000
	partitioner.class = class org.apache.kafka.clients.producer.internals.DefaultPartitioner
	linger.ms = 1

[app] 2016-11-07 15:38:43 [INFO ] (AppInfoParser:83) Kafka version : 0.10.0.1
[app] 2016-11-07 15:38:43 [INFO ] (AppInfoParser:84) Kafka commitId : a7a17cdec9eaa6c5
[app] 2016-11-07 15:38:43 [WARN ] (NetworkClient:600) Error while fetching metadata with correlation id 0 : {lfs_post=LEADER_NOT_AVAILABLE}
[app] 2016-11-07 15:38:43 [WARN ] (NetworkClient:600) Error while fetching metadata with correlation id 1 : {lfs_post=LEADER_NOT_AVAILABLE}
[app] 2016-11-07 15:38:43 [WARN ] (NetworkClient:600) Error while fetching metadata with correlation id 2 : {lfs_post=LEADER_NOT_AVAILABLE}
[app] 2016-11-07 15:38:43 [WARN ] (NetworkClient:600) Error while fetching metadata with correlation id 3 : {lfs_post=LEADER_NOT_AVAILABLE}
[app] 2016-11-07 15:38:43 [INFO ] (KafkaProducer:658) Closing the Kafka producer with timeoutMillis = 9223372036854775807 ms.
[app] 2016-11-07 15:38:44 [INFO ] (FunctionAction:84) httpRequest请求处理后返回的信息为：errorNo= ;errorInfo=  ;list<DataRow>=
[app] 2016-11-07 15:38:44 [INFO ] (FunctionAction:57) 进入function方法后执行after方法...
[app] 2016-11-07 15:38:44 [INFO ] (Servlet:60) 完成默认方法...
[app] 2016-11-07 15:38:44 [INFO ] (Servlet:61) 完成Action:com.xxx.lfs.action.FunctionAction处理...
[app] 2016-11-07 15:38:44 [INFO ] (Servlet:65) 完成servlet:com.xxx.web.http.servlet.Servlet跳转并返回...
[app] 2016-11-07 15:38:53 [INFO ] (Servlet:41) 进入servlet: com.xxx.web.http.servlet.Servlet...
[app] 2016-11-07 15:38:53 [INFO ] (Servlet:55) 通过反射实例化对应的Action，className为:com.xxx.lfs.action.FunctionAction
[app] 2016-11-07 15:38:53 [INFO ] (Servlet:58) 实例化成功，执行默认方法...
[app] 2016-11-07 15:38:53 [INFO ] (FunctionAction:52) 进入function方法前执行before方法...
[app] 2016-11-07 15:38:53 [INFO ] (FunctionAction:54) 进入function方法...
[app] 2016-11-07 15:38:53 [INFO ] (FunctionAction:54) httpRequest请求的json参数为：{"function":"F100002","user":{"id":"1","session":"123"},"content":{"lfs_post":"{\"url\":\"http://we.99btgc.info\",\"title\":\"av12\",\"id\":\"1\"}"}}
[app] 2016-11-07 15:38:53 [INFO ] (FunctionAction:132) 进入具体功能号：F100002
[app] 2016-11-07 15:38:53 [INFO ] (ConsumerConfig:178) ConsumerConfig values: 
	metric.reporters = []
	metadata.max.age.ms = 300000
	partition.assignment.strategy = [org.apache.kafka.clients.consumer.RangeAssignor]
	reconnect.backoff.ms = 50
	sasl.kerberos.ticket.renew.window.factor = 0.8
	max.partition.fetch.bytes = 1048576
	bootstrap.servers = [localhost:9092]
	ssl.keystore.type = JKS
	enable.auto.commit = true
	sasl.mechanism = GSSAPI
	interceptor.classes = null
	exclude.internal.topics = true
	ssl.truststore.password = null
	client.id = 
	ssl.endpoint.identification.algorithm = null
	max.poll.records = 2147483647
	check.crcs = true
	request.timeout.ms = 40000
	heartbeat.interval.ms = 3000
	auto.commit.interval.ms = 1000
	receive.buffer.bytes = 65536
	ssl.truststore.type = JKS
	ssl.truststore.location = null
	ssl.keystore.password = null
	fetch.min.bytes = 1
	send.buffer.bytes = 131072
	value.deserializer = class org.apache.kafka.common.serialization.StringDeserializer
	group.id = test-consumer-group
	retry.backoff.ms = 100
	sasl.kerberos.kinit.cmd = /usr/bin/kinit
	sasl.kerberos.service.name = null
	sasl.kerberos.ticket.renew.jitter = 0.05
	ssl.trustmanager.algorithm = PKIX
	ssl.key.password = null
	fetch.max.wait.ms = 500
	sasl.kerberos.min.time.before.relogin = 60000
	connections.max.idle.ms = 540000
	session.timeout.ms = 30000
	metrics.num.samples = 2
	key.deserializer = class org.apache.kafka.common.serialization.StringDeserializer
	ssl.protocol = TLS
	ssl.provider = null
	ssl.enabled.protocols = [TLSv1.2, TLSv1.1, TLSv1]
	ssl.keystore.location = null
	ssl.cipher.suites = null
	security.protocol = PLAINTEXT
	ssl.keymanager.algorithm = SunX509
	metrics.sample.window.ms = 30000
	auto.offset.reset = earliest

[app] 2016-11-07 15:38:53 [INFO ] (ConsumerConfig:178) ConsumerConfig values: 
	metric.reporters = []
	metadata.max.age.ms = 300000
	partition.assignment.strategy = [org.apache.kafka.clients.consumer.RangeAssignor]
	reconnect.backoff.ms = 50
	sasl.kerberos.ticket.renew.window.factor = 0.8
	max.partition.fetch.bytes = 1048576
	bootstrap.servers = [localhost:9092]
	ssl.keystore.type = JKS
	enable.auto.commit = true
	sasl.mechanism = GSSAPI
	interceptor.classes = null
	exclude.internal.topics = true
	ssl.truststore.password = null
	client.id = consumer-1
	ssl.endpoint.identification.algorithm = null
	max.poll.records = 2147483647
	check.crcs = true
	request.timeout.ms = 40000
	heartbeat.interval.ms = 3000
	auto.commit.interval.ms = 1000
	receive.buffer.bytes = 65536
	ssl.truststore.type = JKS
	ssl.truststore.location = null
	ssl.keystore.password = null
	fetch.min.bytes = 1
	send.buffer.bytes = 131072
	value.deserializer = class org.apache.kafka.common.serialization.StringDeserializer
	group.id = test-consumer-group
	retry.backoff.ms = 100
	sasl.kerberos.kinit.cmd = /usr/bin/kinit
	sasl.kerberos.service.name = null
	sasl.kerberos.ticket.renew.jitter = 0.05
	ssl.trustmanager.algorithm = PKIX
	ssl.key.password = null
	fetch.max.wait.ms = 500
	sasl.kerberos.min.time.before.relogin = 60000
	connections.max.idle.ms = 540000
	session.timeout.ms = 30000
	metrics.num.samples = 2
	key.deserializer = class org.apache.kafka.common.serialization.StringDeserializer
	ssl.protocol = TLS
	ssl.provider = null
	ssl.enabled.protocols = [TLSv1.2, TLSv1.1, TLSv1]
	ssl.keystore.location = null
	ssl.cipher.suites = null
	security.protocol = PLAINTEXT
	ssl.keymanager.algorithm = SunX509
	metrics.sample.window.ms = 30000
	auto.offset.reset = earliest

[app] 2016-11-07 15:38:53 [INFO ] (AppInfoParser:83) Kafka version : 0.10.0.1
[app] 2016-11-07 15:38:53 [INFO ] (AppInfoParser:84) Kafka commitId : a7a17cdec9eaa6c5
[app] 2016-11-07 15:38:53 [INFO ] (FunctionAction:84) httpRequest请求处理后返回的信息为：errorNo=500 ;errorInfo=系统内部错误！  ;list<DataRow>=
[app] 2016-11-07 15:38:53 [INFO ] (FunctionAction:57) 进入function方法后执行after方法...
[app] 2016-11-07 15:38:53 [INFO ] (Servlet:60) 完成默认方法...
[app] 2016-11-07 15:38:53 [INFO ] (Servlet:61) 完成Action:com.xxx.lfs.action.FunctionAction处理...
[app] 2016-11-07 15:38:53 [INFO ] (Servlet:65) 完成servlet:com.xxx.web.http.servlet.Servlet跳转并返回...
[app] 2016-11-07 15:39:51 [INFO ] (Servlet:41) 进入servlet: com.xxx.web.http.servlet.Servlet...
[app] 2016-11-07 15:39:51 [INFO ] (Servlet:55) 通过反射实例化对应的Action，className为:com.xxx.lfs.action.FunctionAction
[app] 2016-11-07 15:39:51 [INFO ] (Servlet:58) 实例化成功，执行默认方法...
[app] 2016-11-07 15:39:51 [INFO ] (FunctionAction:52) 进入function方法前执行before方法...
[app] 2016-11-07 15:39:51 [INFO ] (FunctionAction:54) 进入function方法...
[app] 2016-11-07 15:39:51 [INFO ] (FunctionAction:54) httpRequest请求的json参数为：{"function":"F100002","user":{"id":"1","session":"123"},"content":{"title":"lfs_post"}}
[app] 2016-11-07 15:39:51 [INFO ] (FunctionAction:132) 进入具体功能号：F100002
[app] 2016-11-07 15:39:51 [INFO ] (ConsumerConfig:178) ConsumerConfig values: 
	metric.reporters = []
	metadata.max.age.ms = 300000
	partition.assignment.strategy = [org.apache.kafka.clients.consumer.RangeAssignor]
	reconnect.backoff.ms = 50
	sasl.kerberos.ticket.renew.window.factor = 0.8
	max.partition.fetch.bytes = 1048576
	bootstrap.servers = [localhost:9092]
	ssl.keystore.type = JKS
	enable.auto.commit = true
	sasl.mechanism = GSSAPI
	interceptor.classes = null
	exclude.internal.topics = true
	ssl.truststore.password = null
	client.id = 
	ssl.endpoint.identification.algorithm = null
	max.poll.records = 2147483647
	check.crcs = true
	request.timeout.ms = 40000
	heartbeat.interval.ms = 3000
	auto.commit.interval.ms = 1000
	receive.buffer.bytes = 65536
	ssl.truststore.type = JKS
	ssl.truststore.location = null
	ssl.keystore.password = null
	fetch.min.bytes = 1
	send.buffer.bytes = 131072
	value.deserializer = class org.apache.kafka.common.serialization.StringDeserializer
	group.id = test-consumer-group
	retry.backoff.ms = 100
	sasl.kerberos.kinit.cmd = /usr/bin/kinit
	sasl.kerberos.service.name = null
	sasl.kerberos.ticket.renew.jitter = 0.05
	ssl.trustmanager.algorithm = PKIX
	ssl.key.password = null
	fetch.max.wait.ms = 500
	sasl.kerberos.min.time.before.relogin = 60000
	connections.max.idle.ms = 540000
	session.timeout.ms = 30000
	metrics.num.samples = 2
	key.deserializer = class org.apache.kafka.common.serialization.StringDeserializer
	ssl.protocol = TLS
	ssl.provider = null
	ssl.enabled.protocols = [TLSv1.2, TLSv1.1, TLSv1]
	ssl.keystore.location = null
	ssl.cipher.suites = null
	security.protocol = PLAINTEXT
	ssl.keymanager.algorithm = SunX509
	metrics.sample.window.ms = 30000
	auto.offset.reset = earliest

[app] 2016-11-07 15:39:51 [INFO ] (ConsumerConfig:178) ConsumerConfig values: 
	metric.reporters = []
	metadata.max.age.ms = 300000
	partition.assignment.strategy = [org.apache.kafka.clients.consumer.RangeAssignor]
	reconnect.backoff.ms = 50
	sasl.kerberos.ticket.renew.window.factor = 0.8
	max.partition.fetch.bytes = 1048576
	bootstrap.servers = [localhost:9092]
	ssl.keystore.type = JKS
	enable.auto.commit = true
	sasl.mechanism = GSSAPI
	interceptor.classes = null
	exclude.internal.topics = true
	ssl.truststore.password = null
	client.id = consumer-2
	ssl.endpoint.identification.algorithm = null
	max.poll.records = 2147483647
	check.crcs = true
	request.timeout.ms = 40000
	heartbeat.interval.ms = 3000
	auto.commit.interval.ms = 1000
	receive.buffer.bytes = 65536
	ssl.truststore.type = JKS
	ssl.truststore.location = null
	ssl.keystore.password = null
	fetch.min.bytes = 1
	send.buffer.bytes = 131072
	value.deserializer = class org.apache.kafka.common.serialization.StringDeserializer
	group.id = test-consumer-group
	retry.backoff.ms = 100
	sasl.kerberos.kinit.cmd = /usr/bin/kinit
	sasl.kerberos.service.name = null
	sasl.kerberos.ticket.renew.jitter = 0.05
	ssl.trustmanager.algorithm = PKIX
	ssl.key.password = null
	fetch.max.wait.ms = 500
	sasl.kerberos.min.time.before.relogin = 60000
	connections.max.idle.ms = 540000
	session.timeout.ms = 30000
	metrics.num.samples = 2
	key.deserializer = class org.apache.kafka.common.serialization.StringDeserializer
	ssl.protocol = TLS
	ssl.provider = null
	ssl.enabled.protocols = [TLSv1.2, TLSv1.1, TLSv1]
	ssl.keystore.location = null
	ssl.cipher.suites = null
	security.protocol = PLAINTEXT
	ssl.keymanager.algorithm = SunX509
	metrics.sample.window.ms = 30000
	auto.offset.reset = earliest

[app] 2016-11-07 15:39:51 [INFO ] (AppInfoParser:83) Kafka version : 0.10.0.1
[app] 2016-11-07 15:39:51 [INFO ] (AppInfoParser:84) Kafka commitId : a7a17cdec9eaa6c5
[app] 2016-11-07 15:39:51 [INFO ] (AbstractCoordinator:505) Discovered coordinator drizzt-work:9092 (id: 2147483647 rack: null) for group test-consumer-group.
[app] 2016-11-07 15:39:51 [INFO ] (ConsumerCoordinator:292) Revoking previously assigned partitions [] for group test-consumer-group
[app] 2016-11-07 15:39:51 [INFO ] (AbstractCoordinator:326) (Re-)joining group test-consumer-group
[app] 2016-11-07 15:39:51 [INFO ] (AbstractCoordinator:434) Successfully joined group test-consumer-group with generation 1
[app] 2016-11-07 15:39:51 [INFO ] (ConsumerCoordinator:231) Setting newly assigned partitions [lfs_post-0] for group test-consumer-group
[app] 2016-11-07 15:39:52 [INFO ] (FunctionAction:84) httpRequest请求处理后返回的信息为：errorNo= ;errorInfo=  ;list<DataRow>={offset=0, value={"url":"http://we.99btgc.info","title":"av12","id":"1"}, key=1}
[app] 2016-11-07 15:39:52 [INFO ] (FunctionAction:57) 进入function方法后执行after方法...
[app] 2016-11-07 15:39:52 [INFO ] (Servlet:60) 完成默认方法...
[app] 2016-11-07 15:39:52 [INFO ] (Servlet:61) 完成Action:com.xxx.lfs.action.FunctionAction处理...
[app] 2016-11-07 15:39:52 [INFO ] (Servlet:65) 完成servlet:com.xxx.web.http.servlet.Servlet跳转并返回...
[app] 2016-11-07 15:45:43 [INFO ] (Listener:26) 系统配置信息初始化开始...
[app] 2016-11-07 15:45:43 [INFO ] (Listener:28) 系统配置信息初始化结束...
[app] 2016-11-07 15:45:43 [INFO ] (Listener:29) 系统初始化数据源开始...
[app] 2016-11-07 15:45:43 [INFO ] (MLog:80) MLog clients using log4j logging.
[app] 2016-11-07 15:45:43 [WARN ] (BeansUtils:225) Property inaccessible for overwriting: password
[app] 2016-11-07 15:45:43 [INFO ] (C3P0Registry:204) Initializing c3p0-0.9.2-pre8 [built 19-December-2012 15:00:02 +0000; debug? true; trace: 10]
[app] 2016-11-07 15:45:43 [INFO ] (Listener:31) 系统初始化数据源结束...
[app] 2016-11-07 15:46:23 [INFO ] (Servlet:41) 进入servlet: com.xxx.web.http.servlet.Servlet...
[app] 2016-11-07 15:46:23 [INFO ] (Servlet:55) 通过反射实例化对应的Action，className为:com.xxx.lfs.action.FunctionAction
[app] 2016-11-07 15:46:23 [INFO ] (Servlet:58) 实例化成功，执行默认方法...
[app] 2016-11-07 15:46:23 [INFO ] (FunctionAction:52) 进入function方法前执行before方法...
[app] 2016-11-07 15:46:23 [INFO ] (FunctionAction:54) 进入function方法...
[app] 2016-11-07 15:46:23 [INFO ] (FunctionAction:54) httpRequest请求的json参数为：{"function":"F100001","user":{"id":"1","session":"123"},"content":{"topic":"lfs_post","lfs_post":"{\"url\":\"http://we.99btgc.info\",\"title\":\"av12\",\"id\":\"1\"}"}}
[app] 2016-11-07 15:46:23 [INFO ] (FunctionAction:132) 进入具体功能号：F100001
[app] 2016-11-07 15:46:23 [INFO ] (ProducerConfig:178) ProducerConfig values: 
	metric.reporters = []
	metadata.max.age.ms = 300000
	reconnect.backoff.ms = 50
	sasl.kerberos.ticket.renew.window.factor = 0.8
	bootstrap.servers = [localhost:9092]
	ssl.keystore.type = JKS
	sasl.mechanism = GSSAPI
	max.block.ms = 60000
	interceptor.classes = null
	ssl.truststore.password = null
	client.id = 
	ssl.endpoint.identification.algorithm = null
	request.timeout.ms = 30000
	acks = all
	receive.buffer.bytes = 32768
	ssl.truststore.type = JKS
	retries = 0
	ssl.truststore.location = null
	ssl.keystore.password = null
	send.buffer.bytes = 131072
	compression.type = none
	metadata.fetch.timeout.ms = 60000
	retry.backoff.ms = 100
	sasl.kerberos.kinit.cmd = /usr/bin/kinit
	buffer.memory = 33554432
	timeout.ms = 30000
	key.serializer = class org.apache.kafka.common.serialization.StringSerializer
	sasl.kerberos.service.name = null
	sasl.kerberos.ticket.renew.jitter = 0.05
	ssl.trustmanager.algorithm = PKIX
	block.on.buffer.full = false
	ssl.key.password = null
	sasl.kerberos.min.time.before.relogin = 60000
	connections.max.idle.ms = 540000
	max.in.flight.requests.per.connection = 5
	metrics.num.samples = 2
	ssl.protocol = TLS
	ssl.provider = null
	ssl.enabled.protocols = [TLSv1.2, TLSv1.1, TLSv1]
	batch.size = 16384
	ssl.keystore.location = null
	ssl.cipher.suites = null
	security.protocol = PLAINTEXT
	max.request.size = 1048576
	value.serializer = class org.apache.kafka.common.serialization.StringSerializer
	ssl.keymanager.algorithm = SunX509
	metrics.sample.window.ms = 30000
	partitioner.class = class org.apache.kafka.clients.producer.internals.DefaultPartitioner
	linger.ms = 1

[app] 2016-11-07 15:46:23 [INFO ] (ProducerConfig:178) ProducerConfig values: 
	metric.reporters = []
	metadata.max.age.ms = 300000
	reconnect.backoff.ms = 50
	sasl.kerberos.ticket.renew.window.factor = 0.8
	bootstrap.servers = [localhost:9092]
	ssl.keystore.type = JKS
	sasl.mechanism = GSSAPI
	max.block.ms = 60000
	interceptor.classes = null
	ssl.truststore.password = null
	client.id = producer-1
	ssl.endpoint.identification.algorithm = null
	request.timeout.ms = 30000
	acks = all
	receive.buffer.bytes = 32768
	ssl.truststore.type = JKS
	retries = 0
	ssl.truststore.location = null
	ssl.keystore.password = null
	send.buffer.bytes = 131072
	compression.type = none
	metadata.fetch.timeout.ms = 60000
	retry.backoff.ms = 100
	sasl.kerberos.kinit.cmd = /usr/bin/kinit
	buffer.memory = 33554432
	timeout.ms = 30000
	key.serializer = class org.apache.kafka.common.serialization.StringSerializer
	sasl.kerberos.service.name = null
	sasl.kerberos.ticket.renew.jitter = 0.05
	ssl.trustmanager.algorithm = PKIX
	block.on.buffer.full = false
	ssl.key.password = null
	sasl.kerberos.min.time.before.relogin = 60000
	connections.max.idle.ms = 540000
	max.in.flight.requests.per.connection = 5
	metrics.num.samples = 2
	ssl.protocol = TLS
	ssl.provider = null
	ssl.enabled.protocols = [TLSv1.2, TLSv1.1, TLSv1]
	batch.size = 16384
	ssl.keystore.location = null
	ssl.cipher.suites = null
	security.protocol = PLAINTEXT
	max.request.size = 1048576
	value.serializer = class org.apache.kafka.common.serialization.StringSerializer
	ssl.keymanager.algorithm = SunX509
	metrics.sample.window.ms = 30000
	partitioner.class = class org.apache.kafka.clients.producer.internals.DefaultPartitioner
	linger.ms = 1

[app] 2016-11-07 15:46:23 [INFO ] (AppInfoParser:83) Kafka version : 0.10.0.1
[app] 2016-11-07 15:46:23 [INFO ] (AppInfoParser:84) Kafka commitId : a7a17cdec9eaa6c5
[app] 2016-11-07 15:46:23 [INFO ] (FunctionAction:84) httpRequest请求处理后返回的信息为：errorNo=500 ;errorInfo=系统内部错误！  ;list<DataRow>=
[app] 2016-11-07 15:46:23 [INFO ] (FunctionAction:57) 进入function方法后执行after方法...
[app] 2016-11-07 15:46:23 [INFO ] (Servlet:60) 完成默认方法...
[app] 2016-11-07 15:46:23 [INFO ] (Servlet:61) 完成Action:com.xxx.lfs.action.FunctionAction处理...
[app] 2016-11-07 15:46:23 [INFO ] (Servlet:65) 完成servlet:com.xxx.web.http.servlet.Servlet跳转并返回...
[app] 2016-11-07 15:46:33 [INFO ] (Servlet:41) 进入servlet: com.xxx.web.http.servlet.Servlet...
[app] 2016-11-07 15:46:33 [INFO ] (Servlet:55) 通过反射实例化对应的Action，className为:com.xxx.lfs.action.FunctionAction
[app] 2016-11-07 15:46:33 [INFO ] (Servlet:58) 实例化成功，执行默认方法...
[app] 2016-11-07 15:46:33 [INFO ] (FunctionAction:52) 进入function方法前执行before方法...
[app] 2016-11-07 15:46:33 [INFO ] (FunctionAction:54) 进入function方法...
[app] 2016-11-07 15:46:33 [INFO ] (FunctionAction:54) httpRequest请求的json参数为：{"function":"F100002","user":{"id":"1","session":"123"},"content":{"topic":"lfs_post"}}
[app] 2016-11-07 15:46:33 [INFO ] (FunctionAction:132) 进入具体功能号：F100002
[app] 2016-11-07 15:46:33 [INFO ] (ConsumerConfig:178) ConsumerConfig values: 
	metric.reporters = []
	metadata.max.age.ms = 300000
	partition.assignment.strategy = [org.apache.kafka.clients.consumer.RangeAssignor]
	reconnect.backoff.ms = 50
	sasl.kerberos.ticket.renew.window.factor = 0.8
	max.partition.fetch.bytes = 1048576
	bootstrap.servers = [localhost:9092]
	ssl.keystore.type = JKS
	enable.auto.commit = true
	sasl.mechanism = GSSAPI
	interceptor.classes = null
	exclude.internal.topics = true
	ssl.truststore.password = null
	client.id = 
	ssl.endpoint.identification.algorithm = null
	max.poll.records = 2147483647
	check.crcs = true
	request.timeout.ms = 40000
	heartbeat.interval.ms = 3000
	auto.commit.interval.ms = 1000
	receive.buffer.bytes = 65536
	ssl.truststore.type = JKS
	ssl.truststore.location = null
	ssl.keystore.password = null
	fetch.min.bytes = 1
	send.buffer.bytes = 131072
	value.deserializer = class org.apache.kafka.common.serialization.StringDeserializer
	group.id = test-consumer-group
	retry.backoff.ms = 100
	sasl.kerberos.kinit.cmd = /usr/bin/kinit
	sasl.kerberos.service.name = null
	sasl.kerberos.ticket.renew.jitter = 0.05
	ssl.trustmanager.algorithm = PKIX
	ssl.key.password = null
	fetch.max.wait.ms = 500
	sasl.kerberos.min.time.before.relogin = 60000
	connections.max.idle.ms = 540000
	session.timeout.ms = 30000
	metrics.num.samples = 2
	key.deserializer = class org.apache.kafka.common.serialization.StringDeserializer
	ssl.protocol = TLS
	ssl.provider = null
	ssl.enabled.protocols = [TLSv1.2, TLSv1.1, TLSv1]
	ssl.keystore.location = null
	ssl.cipher.suites = null
	security.protocol = PLAINTEXT
	ssl.keymanager.algorithm = SunX509
	metrics.sample.window.ms = 30000
	auto.offset.reset = earliest

[app] 2016-11-07 15:46:33 [INFO ] (ConsumerConfig:178) ConsumerConfig values: 
	metric.reporters = []
	metadata.max.age.ms = 300000
	partition.assignment.strategy = [org.apache.kafka.clients.consumer.RangeAssignor]
	reconnect.backoff.ms = 50
	sasl.kerberos.ticket.renew.window.factor = 0.8
	max.partition.fetch.bytes = 1048576
	bootstrap.servers = [localhost:9092]
	ssl.keystore.type = JKS
	enable.auto.commit = true
	sasl.mechanism = GSSAPI
	interceptor.classes = null
	exclude.internal.topics = true
	ssl.truststore.password = null
	client.id = consumer-1
	ssl.endpoint.identification.algorithm = null
	max.poll.records = 2147483647
	check.crcs = true
	request.timeout.ms = 40000
	heartbeat.interval.ms = 3000
	auto.commit.interval.ms = 1000
	receive.buffer.bytes = 65536
	ssl.truststore.type = JKS
	ssl.truststore.location = null
	ssl.keystore.password = null
	fetch.min.bytes = 1
	send.buffer.bytes = 131072
	value.deserializer = class org.apache.kafka.common.serialization.StringDeserializer
	group.id = test-consumer-group
	retry.backoff.ms = 100
	sasl.kerberos.kinit.cmd = /usr/bin/kinit
	sasl.kerberos.service.name = null
	sasl.kerberos.ticket.renew.jitter = 0.05
	ssl.trustmanager.algorithm = PKIX
	ssl.key.password = null
	fetch.max.wait.ms = 500
	sasl.kerberos.min.time.before.relogin = 60000
	connections.max.idle.ms = 540000
	session.timeout.ms = 30000
	metrics.num.samples = 2
	key.deserializer = class org.apache.kafka.common.serialization.StringDeserializer
	ssl.protocol = TLS
	ssl.provider = null
	ssl.enabled.protocols = [TLSv1.2, TLSv1.1, TLSv1]
	ssl.keystore.location = null
	ssl.cipher.suites = null
	security.protocol = PLAINTEXT
	ssl.keymanager.algorithm = SunX509
	metrics.sample.window.ms = 30000
	auto.offset.reset = earliest

[app] 2016-11-07 15:46:33 [INFO ] (AppInfoParser:83) Kafka version : 0.10.0.1
[app] 2016-11-07 15:46:33 [INFO ] (AppInfoParser:84) Kafka commitId : a7a17cdec9eaa6c5
[app] 2016-11-07 15:46:33 [INFO ] (AbstractCoordinator:505) Discovered coordinator drizzt-work:9092 (id: 2147483647 rack: null) for group test-consumer-group.
[app] 2016-11-07 15:46:33 [INFO ] (ConsumerCoordinator:292) Revoking previously assigned partitions [] for group test-consumer-group
[app] 2016-11-07 15:46:33 [INFO ] (AbstractCoordinator:326) (Re-)joining group test-consumer-group
[app] 2016-11-07 15:46:33 [INFO ] (AbstractCoordinator:434) Successfully joined group test-consumer-group with generation 1
[app] 2016-11-07 15:46:33 [INFO ] (ConsumerCoordinator:231) Setting newly assigned partitions [lfs_post-0] for group test-consumer-group
[app] 2016-11-07 15:46:34 [INFO ] (FunctionAction:84) httpRequest请求处理后返回的信息为：errorNo= ;errorInfo=  ;list<DataRow>={offset=0, value=com.xxx.lfs.object.LFS_POST@565f1d21, key=1}
[app] 2016-11-07 15:46:34 [INFO ] (FunctionAction:57) 进入function方法后执行after方法...
[app] 2016-11-07 15:46:34 [INFO ] (Servlet:60) 完成默认方法...
[app] 2016-11-07 15:46:34 [INFO ] (Servlet:61) 完成Action:com.xxx.lfs.action.FunctionAction处理...
[app] 2016-11-07 15:46:34 [INFO ] (Servlet:65) 完成servlet:com.xxx.web.http.servlet.Servlet跳转并返回...
[app] 2016-11-07 15:47:30 [INFO ] (Servlet:41) 进入servlet: com.xxx.web.http.servlet.Servlet...
[app] 2016-11-07 15:47:30 [INFO ] (Servlet:55) 通过反射实例化对应的Action，className为:com.xxx.lfs.action.FunctionAction
[app] 2016-11-07 15:47:30 [INFO ] (Servlet:58) 实例化成功，执行默认方法...
[app] 2016-11-07 15:47:30 [INFO ] (FunctionAction:52) 进入function方法前执行before方法...
[app] 2016-11-07 15:47:30 [INFO ] (FunctionAction:54) 进入function方法...
[app] 2016-11-07 15:47:30 [INFO ] (FunctionAction:54) httpRequest请求的json参数为：{"function":"F100001","user":{"id":"1","session":"123"},"content":{"topic":"lfs_post","object":"{\"url\":\"http://we.99btgc.info\",\"title\":\"av12\",\"id\":\"1\"}"}}
[app] 2016-11-07 15:47:30 [INFO ] (FunctionAction:132) 进入具体功能号：F100001
[app] 2016-11-07 15:47:30 [INFO ] (ProducerConfig:178) ProducerConfig values: 
	metric.reporters = []
	metadata.max.age.ms = 300000
	reconnect.backoff.ms = 50
	sasl.kerberos.ticket.renew.window.factor = 0.8
	bootstrap.servers = [localhost:9092]
	ssl.keystore.type = JKS
	sasl.mechanism = GSSAPI
	max.block.ms = 60000
	interceptor.classes = null
	ssl.truststore.password = null
	client.id = 
	ssl.endpoint.identification.algorithm = null
	request.timeout.ms = 30000
	acks = all
	receive.buffer.bytes = 32768
	ssl.truststore.type = JKS
	retries = 0
	ssl.truststore.location = null
	ssl.keystore.password = null
	send.buffer.bytes = 131072
	compression.type = none
	metadata.fetch.timeout.ms = 60000
	retry.backoff.ms = 100
	sasl.kerberos.kinit.cmd = /usr/bin/kinit
	buffer.memory = 33554432
	timeout.ms = 30000
	key.serializer = class org.apache.kafka.common.serialization.StringSerializer
	sasl.kerberos.service.name = null
	sasl.kerberos.ticket.renew.jitter = 0.05
	ssl.trustmanager.algorithm = PKIX
	block.on.buffer.full = false
	ssl.key.password = null
	sasl.kerberos.min.time.before.relogin = 60000
	connections.max.idle.ms = 540000
	max.in.flight.requests.per.connection = 5
	metrics.num.samples = 2
	ssl.protocol = TLS
	ssl.provider = null
	ssl.enabled.protocols = [TLSv1.2, TLSv1.1, TLSv1]
	batch.size = 16384
	ssl.keystore.location = null
	ssl.cipher.suites = null
	security.protocol = PLAINTEXT
	max.request.size = 1048576
	value.serializer = class org.apache.kafka.common.serialization.StringSerializer
	ssl.keymanager.algorithm = SunX509
	metrics.sample.window.ms = 30000
	partitioner.class = class org.apache.kafka.clients.producer.internals.DefaultPartitioner
	linger.ms = 1

[app] 2016-11-07 15:47:30 [INFO ] (ProducerConfig:178) ProducerConfig values: 
	metric.reporters = []
	metadata.max.age.ms = 300000
	reconnect.backoff.ms = 50
	sasl.kerberos.ticket.renew.window.factor = 0.8
	bootstrap.servers = [localhost:9092]
	ssl.keystore.type = JKS
	sasl.mechanism = GSSAPI
	max.block.ms = 60000
	interceptor.classes = null
	ssl.truststore.password = null
	client.id = producer-2
	ssl.endpoint.identification.algorithm = null
	request.timeout.ms = 30000
	acks = all
	receive.buffer.bytes = 32768
	ssl.truststore.type = JKS
	retries = 0
	ssl.truststore.location = null
	ssl.keystore.password = null
	send.buffer.bytes = 131072
	compression.type = none
	metadata.fetch.timeout.ms = 60000
	retry.backoff.ms = 100
	sasl.kerberos.kinit.cmd = /usr/bin/kinit
	buffer.memory = 33554432
	timeout.ms = 30000
	key.serializer = class org.apache.kafka.common.serialization.StringSerializer
	sasl.kerberos.service.name = null
	sasl.kerberos.ticket.renew.jitter = 0.05
	ssl.trustmanager.algorithm = PKIX
	block.on.buffer.full = false
	ssl.key.password = null
	sasl.kerberos.min.time.before.relogin = 60000
	connections.max.idle.ms = 540000
	max.in.flight.requests.per.connection = 5
	metrics.num.samples = 2
	ssl.protocol = TLS
	ssl.provider = null
	ssl.enabled.protocols = [TLSv1.2, TLSv1.1, TLSv1]
	batch.size = 16384
	ssl.keystore.location = null
	ssl.cipher.suites = null
	security.protocol = PLAINTEXT
	max.request.size = 1048576
	value.serializer = class org.apache.kafka.common.serialization.StringSerializer
	ssl.keymanager.algorithm = SunX509
	metrics.sample.window.ms = 30000
	partitioner.class = class org.apache.kafka.clients.producer.internals.DefaultPartitioner
	linger.ms = 1

[app] 2016-11-07 15:47:30 [INFO ] (AppInfoParser:83) Kafka version : 0.10.0.1
[app] 2016-11-07 15:47:30 [INFO ] (AppInfoParser:84) Kafka commitId : a7a17cdec9eaa6c5
[app] 2016-11-07 15:47:30 [INFO ] (KafkaProducer:658) Closing the Kafka producer with timeoutMillis = 9223372036854775807 ms.
[app] 2016-11-07 15:47:30 [INFO ] (FunctionAction:84) httpRequest请求处理后返回的信息为：errorNo= ;errorInfo=  ;list<DataRow>=
[app] 2016-11-07 15:47:30 [INFO ] (FunctionAction:57) 进入function方法后执行after方法...
[app] 2016-11-07 15:47:30 [INFO ] (Servlet:60) 完成默认方法...
[app] 2016-11-07 15:47:30 [INFO ] (Servlet:61) 完成Action:com.xxx.lfs.action.FunctionAction处理...
[app] 2016-11-07 15:47:30 [INFO ] (Servlet:65) 完成servlet:com.xxx.web.http.servlet.Servlet跳转并返回...
[app] 2016-11-07 15:47:33 [INFO ] (Servlet:41) 进入servlet: com.xxx.web.http.servlet.Servlet...
[app] 2016-11-07 15:47:33 [INFO ] (Servlet:55) 通过反射实例化对应的Action，className为:com.xxx.lfs.action.FunctionAction
[app] 2016-11-07 15:47:33 [INFO ] (Servlet:58) 实例化成功，执行默认方法...
[app] 2016-11-07 15:47:33 [INFO ] (FunctionAction:52) 进入function方法前执行before方法...
[app] 2016-11-07 15:47:33 [INFO ] (FunctionAction:54) 进入function方法...
[app] 2016-11-07 15:47:33 [INFO ] (FunctionAction:54) httpRequest请求的json参数为：{"function":"F100002","user":{"id":"1","session":"123"},"content":{"topic":"lfs_post"}}
[app] 2016-11-07 15:47:33 [INFO ] (FunctionAction:132) 进入具体功能号：F100002
[app] 2016-11-07 15:47:33 [INFO ] (ConsumerConfig:178) ConsumerConfig values: 
	metric.reporters = []
	metadata.max.age.ms = 300000
	partition.assignment.strategy = [org.apache.kafka.clients.consumer.RangeAssignor]
	reconnect.backoff.ms = 50
	sasl.kerberos.ticket.renew.window.factor = 0.8
	max.partition.fetch.bytes = 1048576
	bootstrap.servers = [localhost:9092]
	ssl.keystore.type = JKS
	enable.auto.commit = true
	sasl.mechanism = GSSAPI
	interceptor.classes = null
	exclude.internal.topics = true
	ssl.truststore.password = null
	client.id = 
	ssl.endpoint.identification.algorithm = null
	max.poll.records = 2147483647
	check.crcs = true
	request.timeout.ms = 40000
	heartbeat.interval.ms = 3000
	auto.commit.interval.ms = 1000
	receive.buffer.bytes = 65536
	ssl.truststore.type = JKS
	ssl.truststore.location = null
	ssl.keystore.password = null
	fetch.min.bytes = 1
	send.buffer.bytes = 131072
	value.deserializer = class org.apache.kafka.common.serialization.StringDeserializer
	group.id = test-consumer-group
	retry.backoff.ms = 100
	sasl.kerberos.kinit.cmd = /usr/bin/kinit
	sasl.kerberos.service.name = null
	sasl.kerberos.ticket.renew.jitter = 0.05
	ssl.trustmanager.algorithm = PKIX
	ssl.key.password = null
	fetch.max.wait.ms = 500
	sasl.kerberos.min.time.before.relogin = 60000
	connections.max.idle.ms = 540000
	session.timeout.ms = 30000
	metrics.num.samples = 2
	key.deserializer = class org.apache.kafka.common.serialization.StringDeserializer
	ssl.protocol = TLS
	ssl.provider = null
	ssl.enabled.protocols = [TLSv1.2, TLSv1.1, TLSv1]
	ssl.keystore.location = null
	ssl.cipher.suites = null
	security.protocol = PLAINTEXT
	ssl.keymanager.algorithm = SunX509
	metrics.sample.window.ms = 30000
	auto.offset.reset = earliest

[app] 2016-11-07 15:47:33 [INFO ] (ConsumerConfig:178) ConsumerConfig values: 
	metric.reporters = []
	metadata.max.age.ms = 300000
	partition.assignment.strategy = [org.apache.kafka.clients.consumer.RangeAssignor]
	reconnect.backoff.ms = 50
	sasl.kerberos.ticket.renew.window.factor = 0.8
	max.partition.fetch.bytes = 1048576
	bootstrap.servers = [localhost:9092]
	ssl.keystore.type = JKS
	enable.auto.commit = true
	sasl.mechanism = GSSAPI
	interceptor.classes = null
	exclude.internal.topics = true
	ssl.truststore.password = null
	client.id = consumer-2
	ssl.endpoint.identification.algorithm = null
	max.poll.records = 2147483647
	check.crcs = true
	request.timeout.ms = 40000
	heartbeat.interval.ms = 3000
	auto.commit.interval.ms = 1000
	receive.buffer.bytes = 65536
	ssl.truststore.type = JKS
	ssl.truststore.location = null
	ssl.keystore.password = null
	fetch.min.bytes = 1
	send.buffer.bytes = 131072
	value.deserializer = class org.apache.kafka.common.serialization.StringDeserializer
	group.id = test-consumer-group
	retry.backoff.ms = 100
	sasl.kerberos.kinit.cmd = /usr/bin/kinit
	sasl.kerberos.service.name = null
	sasl.kerberos.ticket.renew.jitter = 0.05
	ssl.trustmanager.algorithm = PKIX
	ssl.key.password = null
	fetch.max.wait.ms = 500
	sasl.kerberos.min.time.before.relogin = 60000
	connections.max.idle.ms = 540000
	session.timeout.ms = 30000
	metrics.num.samples = 2
	key.deserializer = class org.apache.kafka.common.serialization.StringDeserializer
	ssl.protocol = TLS
	ssl.provider = null
	ssl.enabled.protocols = [TLSv1.2, TLSv1.1, TLSv1]
	ssl.keystore.location = null
	ssl.cipher.suites = null
	security.protocol = PLAINTEXT
	ssl.keymanager.algorithm = SunX509
	metrics.sample.window.ms = 30000
	auto.offset.reset = earliest

[app] 2016-11-07 15:47:33 [INFO ] (AppInfoParser:83) Kafka version : 0.10.0.1
[app] 2016-11-07 15:47:33 [INFO ] (AppInfoParser:84) Kafka commitId : a7a17cdec9eaa6c5
[app] 2016-11-07 15:47:33 [INFO ] (AbstractCoordinator:505) Discovered coordinator drizzt-work:9092 (id: 2147483647 rack: null) for group test-consumer-group.
[app] 2016-11-07 15:47:33 [INFO ] (ConsumerCoordinator:292) Revoking previously assigned partitions [] for group test-consumer-group
[app] 2016-11-07 15:47:33 [INFO ] (AbstractCoordinator:326) (Re-)joining group test-consumer-group
[app] 2016-11-07 15:47:33 [INFO ] (AbstractCoordinator:434) Successfully joined group test-consumer-group with generation 1
[app] 2016-11-07 15:47:33 [INFO ] (ConsumerCoordinator:231) Setting newly assigned partitions [lfs_post-0] for group test-consumer-group
[app] 2016-11-07 15:47:33 [INFO ] (FunctionAction:84) httpRequest请求处理后返回的信息为：errorNo= ;errorInfo=  ;list<DataRow>={offset=0, value=com.xxx.lfs.object.LFS_POST@2ce287fa, key=1}{offset=1, value=com.xxx.lfs.object.LFS_POST@733ead31, key=1}
[app] 2016-11-07 15:47:33 [INFO ] (FunctionAction:57) 进入function方法后执行after方法...
[app] 2016-11-07 15:47:33 [INFO ] (Servlet:60) 完成默认方法...
[app] 2016-11-07 15:47:33 [INFO ] (Servlet:61) 完成Action:com.xxx.lfs.action.FunctionAction处理...
[app] 2016-11-07 15:47:33 [INFO ] (Servlet:65) 完成servlet:com.xxx.web.http.servlet.Servlet跳转并返回...
[app] 2016-11-07 16:01:44 [INFO ] (Listener:26) 系统配置信息初始化开始...
[app] 2016-11-07 16:01:44 [INFO ] (Listener:28) 系统配置信息初始化结束...
[app] 2016-11-07 16:01:44 [INFO ] (Listener:29) 系统初始化数据源开始...
[app] 2016-11-07 16:01:44 [INFO ] (MLog:80) MLog clients using log4j logging.
[app] 2016-11-07 16:01:44 [WARN ] (BeansUtils:225) Property inaccessible for overwriting: password
[app] 2016-11-07 16:01:44 [INFO ] (C3P0Registry:204) Initializing c3p0-0.9.2-pre8 [built 19-December-2012 15:00:02 +0000; debug? true; trace: 10]
[app] 2016-11-07 16:01:44 [INFO ] (Listener:31) 系统初始化数据源结束...
