[2016.11.07 15:28:58.378]com.google.gson.JsonSyntaxException: java.lang.IllegalStateException: Expected BEGIN_OBJECT but was STRING at line 1 column 2 path $
[2016.11.07 15:28:58.379]	at com.google.gson.internal.bind.ReflectiveTypeAdapterFactory$Adapter.read(ReflectiveTypeAdapterFactory.java:200)
[2016.11.07 15:28:58.379]	at com.google.gson.Gson.fromJson(Gson.java:810)
[2016.11.07 15:28:58.379]	at com.google.gson.Gson.fromJson(Gson.java:775)
[2016.11.07 15:28:58.379]	at com.google.gson.Gson.fromJson(Gson.java:724)
[2016.11.07 15:28:58.379]	at com.xxx.lfs.function.F100001.execute(F100001.java:25)
[2016.11.07 15:28:58.379]	at com.xxx.lfs.action.FunctionAction.execute(FunctionAction.java:136)
[2016.11.07 15:28:58.379]	at com.xxx.lfs.action.FunctionAction.doDefault(FunctionAction.java:62)
[2016.11.07 15:28:58.380]	at sun.reflect.NativeMethodAccessorImpl.invoke0(Native Method)
[2016.11.07 15:28:58.380]	at sun.reflect.NativeMethodAccessorImpl.invoke(NativeMethodAccessorImpl.java:62)
[2016.11.07 15:28:58.380]	at sun.reflect.DelegatingMethodAccessorImpl.invoke(DelegatingMethodAccessorImpl.java:43)
[2016.11.07 15:28:58.380]	at java.lang.reflect.Method.invoke(Method.java:497)
[2016.11.07 15:28:58.380]	at org.apache.commons.beanutils.MethodUtils.invokeMethod(MethodUtils.java:282)
[2016.11.07 15:28:58.380]	at org.apache.commons.beanutils.MethodUtils.invokeMethod(MethodUtils.java:226)
[2016.11.07 15:28:58.380]	at com.xxx.web.http.action.BaseAction.execute(BaseAction.java:55)
[2016.11.07 15:28:58.380]	at com.xxx.web.http.action.BaseAction.execute(BaseAction.java:37)
[2016.11.07 15:28:58.380]	at com.xxx.web.http.servlet.Servlet.invokeAction(Servlet.java:80)
[2016.11.07 15:28:58.380]	at com.xxx.web.http.servlet.Servlet.service(Servlet.java:59)
[2016.11.07 15:28:58.380]	at javax.servlet.http.HttpServlet.service(HttpServlet.java:91)
[2016.11.07 15:28:58.380]	at com.caucho.server.dispatch.ServletFilterChain.doFilter(ServletFilterChain.java:103)
[2016.11.07 15:28:58.380]	at com.xxx.web.http.filter.Encoding.doFilter(Encoding.java:24)
[2016.11.07 15:28:58.380]	at com.caucho.server.dispatch.FilterFilterChain.doFilter(FilterFilterChain.java:87)
[2016.11.07 15:28:58.380]	at com.caucho.server.cache.CacheFilterChain.doFilter(CacheFilterChain.java:162)
[2016.11.07 15:28:58.380]	at com.caucho.server.webapp.WebAppFilterChain.doFilter(WebAppFilterChain.java:187)
[2016.11.07 15:28:58.381]	at com.caucho.server.dispatch.ServletInvocation.service(ServletInvocation.java:265)
[2016.11.07 15:28:58.381]	at com.caucho.server.http.HttpRequest.handleRequest(HttpRequest.java:273)
[2016.11.07 15:28:58.381]	at com.caucho.server.port.TcpConnection.run(TcpConnection.java:682)
[2016.11.07 15:28:58.381]	at com.caucho.util.ThreadPool$Item.runTasks(ThreadPool.java:743)
[2016.11.07 15:28:58.381]	at com.caucho.util.ThreadPool$Item.run(ThreadPool.java:662)
[2016.11.07 15:28:58.381]	at java.lang.Thread.run(Thread.java:745)
[2016.11.07 15:28:58.381]Caused by: java.lang.IllegalStateException: Expected BEGIN_OBJECT but was STRING at line 1 column 2 path $
[2016.11.07 15:28:58.381]	at com.google.gson.stream.JsonReader.beginObject(JsonReader.java:387)
[2016.11.07 15:28:58.381]	at com.google.gson.internal.bind.ReflectiveTypeAdapterFactory$Adapter.read(ReflectiveTypeAdapterFactory.java:189)
[2016.11.07 15:28:58.381]	... 28 more
[2016.11.07 15:35:36.359]java.lang.ClassNotFoundException: com.xxx.lfs.function. in EnvironmentClassLoader[web-app:http://localhost:3001]
[2016.11.07 15:35:36.359]	at com.caucho.loader.DynamicClassLoader.loadClass(DynamicClassLoader.java:1224)
[2016.11.07 15:35:36.360]	at com.caucho.loader.DynamicClassLoader.loadClass(DynamicClassLoader.java:1203)
[2016.11.07 15:35:36.360]	at java.lang.Class.forName0(Native Method)
[2016.11.07 15:35:36.360]	at java.lang.Class.forName(Class.java:264)
[2016.11.07 15:35:36.360]	at com.xxx.lfs.action.FunctionAction.execute(FunctionAction.java:135)
[2016.11.07 15:35:36.360]	at com.xxx.lfs.action.FunctionAction.doDefault(FunctionAction.java:62)
[2016.11.07 15:35:36.360]	at sun.reflect.NativeMethodAccessorImpl.invoke0(Native Method)
[2016.11.07 15:35:36.360]	at sun.reflect.NativeMethodAccessorImpl.invoke(NativeMethodAccessorImpl.java:62)
[2016.11.07 15:35:36.360]	at sun.reflect.DelegatingMethodAccessorImpl.invoke(DelegatingMethodAccessorImpl.java:43)
[2016.11.07 15:35:36.360]	at java.lang.reflect.Method.invoke(Method.java:497)
[2016.11.07 15:35:36.360]	at org.apache.commons.beanutils.MethodUtils.invokeMethod(MethodUtils.java:282)
[2016.11.07 15:35:36.360]	at org.apache.commons.beanutils.MethodUtils.invokeMethod(MethodUtils.java:226)
[2016.11.07 15:35:36.360]	at com.xxx.web.http.action.BaseAction.execute(BaseAction.java:55)
[2016.11.07 15:35:36.360]	at com.xxx.web.http.action.BaseAction.execute(BaseAction.java:37)
[2016.11.07 15:35:36.360]	at com.xxx.web.http.servlet.Servlet.invokeAction(Servlet.java:80)
[2016.11.07 15:35:36.360]	at com.xxx.web.http.servlet.Servlet.service(Servlet.java:59)
[2016.11.07 15:35:36.361]	at javax.servlet.http.HttpServlet.service(HttpServlet.java:91)
[2016.11.07 15:35:36.361]	at com.caucho.server.dispatch.ServletFilterChain.doFilter(ServletFilterChain.java:103)
[2016.11.07 15:35:36.361]	at com.xxx.web.http.filter.Encoding.doFilter(Encoding.java:24)
[2016.11.07 15:35:36.361]	at com.caucho.server.dispatch.FilterFilterChain.doFilter(FilterFilterChain.java:87)
[2016.11.07 15:35:36.361]	at com.caucho.server.cache.CacheFilterChain.doFilter(CacheFilterChain.java:162)
[2016.11.07 15:35:36.361]	at com.caucho.server.webapp.WebAppFilterChain.doFilter(WebAppFilterChain.java:187)
[2016.11.07 15:35:36.361]	at com.caucho.server.dispatch.ServletInvocation.service(ServletInvocation.java:265)
[2016.11.07 15:35:36.361]	at com.caucho.server.http.HttpRequest.handleRequest(HttpRequest.java:273)
[2016.11.07 15:35:36.361]	at com.caucho.server.port.TcpConnection.run(TcpConnection.java:682)
[2016.11.07 15:35:36.362]	at com.caucho.util.ThreadPool$Item.runTasks(ThreadPool.java:743)
[2016.11.07 15:35:36.362]	at com.caucho.util.ThreadPool$Item.run(ThreadPool.java:662)
[2016.11.07 15:35:36.362]	at java.lang.Thread.run(Thread.java:745)
[2016.11.07 15:36:42.214]com.google.gson.JsonSyntaxException: java.lang.IllegalStateException: Expected BEGIN_OBJECT but was STRING at line 1 column 2 path $
[2016.11.07 15:36:42.214]	at com.google.gson.internal.bind.ReflectiveTypeAdapterFactory$Adapter.read(ReflectiveTypeAdapterFactory.java:200)
[2016.11.07 15:36:42.214]	at com.google.gson.Gson.fromJson(Gson.java:810)
[2016.11.07 15:36:42.214]	at com.google.gson.Gson.fromJson(Gson.java:775)
[2016.11.07 15:36:42.214]	at com.google.gson.Gson.fromJson(Gson.java:724)
[2016.11.07 15:36:42.214]	at com.xxx.lfs.function.F100001.execute(F100001.java:26)
[2016.11.07 15:36:42.214]	at com.xxx.lfs.action.FunctionAction.execute(FunctionAction.java:136)
[2016.11.07 15:36:42.214]	at com.xxx.lfs.action.FunctionAction.doDefault(FunctionAction.java:62)
[2016.11.07 15:36:42.214]	at sun.reflect.NativeMethodAccessorImpl.invoke0(Native Method)
[2016.11.07 15:36:42.214]	at sun.reflect.NativeMethodAccessorImpl.invoke(NativeMethodAccessorImpl.java:62)
[2016.11.07 15:36:42.214]	at sun.reflect.DelegatingMethodAccessorImpl.invoke(DelegatingMethodAccessorImpl.java:43)
[2016.11.07 15:36:42.214]	at java.lang.reflect.Method.invoke(Method.java:497)
[2016.11.07 15:36:42.214]	at org.apache.commons.beanutils.MethodUtils.invokeMethod(MethodUtils.java:282)
[2016.11.07 15:36:42.214]	at org.apache.commons.beanutils.MethodUtils.invokeMethod(MethodUtils.java:226)
[2016.11.07 15:36:42.214]	at com.xxx.web.http.action.BaseAction.execute(BaseAction.java:55)
[2016.11.07 15:36:42.214]	at com.xxx.web.http.action.BaseAction.execute(BaseAction.java:37)
[2016.11.07 15:36:42.214]	at com.xxx.web.http.servlet.Servlet.invokeAction(Servlet.java:80)
[2016.11.07 15:36:42.214]	at com.xxx.web.http.servlet.Servlet.service(Servlet.java:59)
[2016.11.07 15:36:42.214]	at javax.servlet.http.HttpServlet.service(HttpServlet.java:91)
[2016.11.07 15:36:42.214]	at com.caucho.server.dispatch.ServletFilterChain.doFilter(ServletFilterChain.java:103)
[2016.11.07 15:36:42.215]	at com.xxx.web.http.filter.Encoding.doFilter(Encoding.java:24)
[2016.11.07 15:36:42.215]	at com.caucho.server.dispatch.FilterFilterChain.doFilter(FilterFilterChain.java:87)
[2016.11.07 15:36:42.215]	at com.caucho.server.cache.CacheFilterChain.doFilter(CacheFilterChain.java:162)
[2016.11.07 15:36:42.215]	at com.caucho.server.webapp.WebAppFilterChain.doFilter(WebAppFilterChain.java:187)
[2016.11.07 15:36:42.215]	at com.caucho.server.dispatch.ServletInvocation.service(ServletInvocation.java:265)
[2016.11.07 15:36:42.215]	at com.caucho.server.http.HttpRequest.handleRequest(HttpRequest.java:273)
[2016.11.07 15:36:42.215]	at com.caucho.server.port.TcpConnection.run(TcpConnection.java:682)
[2016.11.07 15:36:42.215]	at com.caucho.util.ThreadPool$Item.runTasks(ThreadPool.java:743)
[2016.11.07 15:36:42.215]	at com.caucho.util.ThreadPool$Item.run(ThreadPool.java:662)
[2016.11.07 15:36:42.215]	at java.lang.Thread.run(Thread.java:745)
[2016.11.07 15:36:42.215]Caused by: java.lang.IllegalStateException: Expected BEGIN_OBJECT but was STRING at line 1 column 2 path $
[2016.11.07 15:36:42.215]	at com.google.gson.stream.JsonReader.beginObject(JsonReader.java:387)
[2016.11.07 15:36:42.215]	at com.google.gson.internal.bind.ReflectiveTypeAdapterFactory$Adapter.read(ReflectiveTypeAdapterFactory.java:189)
[2016.11.07 15:36:42.215]	... 28 more
[2016.11.07 15:38:53.739]java.lang.NullPointerException
[2016.11.07 15:38:53.739]	at org.apache.kafka.common.utils.Utils.utf8Length(Utils.java:245)
[2016.11.07 15:38:53.739]	at org.apache.kafka.common.protocol.types.Type$6.sizeOf(Type.java:248)
[2016.11.07 15:38:53.740]	at org.apache.kafka.common.protocol.types.ArrayOf.sizeOf(ArrayOf.java:85)
[2016.11.07 15:38:53.740]	at org.apache.kafka.common.protocol.types.Schema.sizeOf(Schema.java:89)
[2016.11.07 15:38:53.740]	at org.apache.kafka.common.protocol.types.Struct.sizeOf(Struct.java:244)
[2016.11.07 15:38:53.740]	at org.apache.kafka.common.requests.RequestSend.serialize(RequestSend.java:35)
[2016.11.07 15:38:53.740]	at org.apache.kafka.common.requests.RequestSend.<init>(RequestSend.java:29)
[2016.11.07 15:38:53.740]	at org.apache.kafka.clients.NetworkClient$DefaultMetadataUpdater.request(NetworkClient.java:616)
[2016.11.07 15:38:53.740]	at org.apache.kafka.clients.NetworkClient$DefaultMetadataUpdater.maybeUpdate(NetworkClient.java:639)
[2016.11.07 15:38:53.740]	at org.apache.kafka.clients.NetworkClient$DefaultMetadataUpdater.maybeUpdate(NetworkClient.java:552)
[2016.11.07 15:38:53.740]	at org.apache.kafka.clients.NetworkClient.poll(NetworkClient.java:258)
[2016.11.07 15:38:53.740]	at org.apache.kafka.clients.consumer.internals.ConsumerNetworkClient.clientPoll(ConsumerNetworkClient.java:360)
[2016.11.07 15:38:53.740]	at org.apache.kafka.clients.consumer.internals.ConsumerNetworkClient.poll(ConsumerNetworkClient.java:224)
[2016.11.07 15:38:53.740]	at org.apache.kafka.clients.consumer.internals.ConsumerNetworkClient.poll(ConsumerNetworkClient.java:192)
[2016.11.07 15:38:53.740]	at org.apache.kafka.clients.consumer.internals.ConsumerNetworkClient.poll(ConsumerNetworkClient.java:163)
[2016.11.07 15:38:53.740]	at org.apache.kafka.clients.consumer.internals.AbstractCoordinator.ensureCoordinatorReady(AbstractCoordinator.java:179)
[2016.11.07 15:38:53.740]	at org.apache.kafka.clients.consumer.KafkaConsumer.pollOnce(KafkaConsumer.java:974)
[2016.11.07 15:38:53.740]	at org.apache.kafka.clients.consumer.KafkaConsumer.poll(KafkaConsumer.java:938)
[2016.11.07 15:38:53.740]	at com.xxx.lfs.function.F100002.execute(F100002.java:40)
[2016.11.07 15:38:53.741]	at com.xxx.lfs.action.FunctionAction.execute(FunctionAction.java:136)
[2016.11.07 15:38:53.741]	at com.xxx.lfs.action.FunctionAction.doDefault(FunctionAction.java:62)
[2016.11.07 15:38:53.741]	at sun.reflect.NativeMethodAccessorImpl.invoke0(Native Method)
[2016.11.07 15:38:53.741]	at sun.reflect.NativeMethodAccessorImpl.invoke(NativeMethodAccessorImpl.java:62)
[2016.11.07 15:38:53.741]	at sun.reflect.DelegatingMethodAccessorImpl.invoke(DelegatingMethodAccessorImpl.java:43)
[2016.11.07 15:38:53.741]	at java.lang.reflect.Method.invoke(Method.java:497)
[2016.11.07 15:38:53.741]	at org.apache.commons.beanutils.MethodUtils.invokeMethod(MethodUtils.java:282)
[2016.11.07 15:38:53.741]	at org.apache.commons.beanutils.MethodUtils.invokeMethod(MethodUtils.java:226)
[2016.11.07 15:38:53.741]	at com.xxx.web.http.action.BaseAction.execute(BaseAction.java:55)
[2016.11.07 15:38:53.741]	at com.xxx.web.http.action.BaseAction.execute(BaseAction.java:37)
[2016.11.07 15:38:53.741]	at com.xxx.web.http.servlet.Servlet.invokeAction(Servlet.java:80)
[2016.11.07 15:38:53.741]	at com.xxx.web.http.servlet.Servlet.service(Servlet.java:59)
[2016.11.07 15:38:53.741]	at javax.servlet.http.HttpServlet.service(HttpServlet.java:91)
[2016.11.07 15:38:53.741]	at com.caucho.server.dispatch.ServletFilterChain.doFilter(ServletFilterChain.java:103)
[2016.11.07 15:38:53.741]	at com.xxx.web.http.filter.Encoding.doFilter(Encoding.java:24)
[2016.11.07 15:38:53.741]	at com.caucho.server.dispatch.FilterFilterChain.doFilter(FilterFilterChain.java:87)
[2016.11.07 15:38:53.741]	at com.caucho.server.cache.CacheFilterChain.doFilter(CacheFilterChain.java:162)
[2016.11.07 15:38:53.741]	at com.caucho.server.webapp.WebAppFilterChain.doFilter(WebAppFilterChain.java:187)
[2016.11.07 15:38:53.741]	at com.caucho.server.dispatch.ServletInvocation.service(ServletInvocation.java:265)
[2016.11.07 15:38:53.741]	at com.caucho.server.http.HttpRequest.handleRequest(HttpRequest.java:273)
[2016.11.07 15:38:53.741]	at com.caucho.server.port.TcpConnection.run(TcpConnection.java:682)
[2016.11.07 15:38:53.741]	at com.caucho.util.ThreadPool$Item.runTasks(ThreadPool.java:743)
[2016.11.07 15:38:53.741]	at com.caucho.util.ThreadPool$Item.run(ThreadPool.java:662)
[2016.11.07 15:38:53.742]	at java.lang.Thread.run(Thread.java:745)
[2016.11.07 15:46:23.630]java.lang.NullPointerException
[2016.11.07 15:46:23.630]	at com.xxx.lfs.function.F100001.execute(F100001.java:37)
[2016.11.07 15:46:23.630]	at com.xxx.lfs.action.FunctionAction.execute(FunctionAction.java:136)
[2016.11.07 15:46:23.630]	at com.xxx.lfs.action.FunctionAction.doDefault(FunctionAction.java:62)
[2016.11.07 15:46:23.630]	at sun.reflect.NativeMethodAccessorImpl.invoke0(Native Method)
[2016.11.07 15:46:23.630]	at sun.reflect.NativeMethodAccessorImpl.invoke(NativeMethodAccessorImpl.java:62)
[2016.11.07 15:46:23.630]	at sun.reflect.DelegatingMethodAccessorImpl.invoke(DelegatingMethodAccessorImpl.java:43)
[2016.11.07 15:46:23.630]	at java.lang.reflect.Method.invoke(Method.java:497)
[2016.11.07 15:46:23.630]	at org.apache.commons.beanutils.MethodUtils.invokeMethod(MethodUtils.java:282)
[2016.11.07 15:46:23.630]	at org.apache.commons.beanutils.MethodUtils.invokeMethod(MethodUtils.java:226)
[2016.11.07 15:46:23.630]	at com.xxx.web.http.action.BaseAction.execute(BaseAction.java:55)
[2016.11.07 15:46:23.630]	at com.xxx.web.http.action.BaseAction.execute(BaseAction.java:37)
[2016.11.07 15:46:23.630]	at com.xxx.web.http.servlet.Servlet.invokeAction(Servlet.java:80)
[2016.11.07 15:46:23.630]	at com.xxx.web.http.servlet.Servlet.service(Servlet.java:59)
[2016.11.07 15:46:23.630]	at javax.servlet.http.HttpServlet.service(HttpServlet.java:91)
[2016.11.07 15:46:23.630]	at com.caucho.server.dispatch.ServletFilterChain.doFilter(ServletFilterChain.java:103)
[2016.11.07 15:46:23.630]	at com.xxx.web.http.filter.Encoding.doFilter(Encoding.java:24)
[2016.11.07 15:46:23.630]	at com.caucho.server.dispatch.FilterFilterChain.doFilter(FilterFilterChain.java:87)
[2016.11.07 15:46:23.630]	at com.caucho.server.cache.CacheFilterChain.doFilter(CacheFilterChain.java:162)
[2016.11.07 15:46:23.630]	at com.caucho.server.webapp.WebAppFilterChain.doFilter(WebAppFilterChain.java:187)
[2016.11.07 15:46:23.630]	at com.caucho.server.dispatch.ServletInvocation.service(ServletInvocation.java:265)
[2016.11.07 15:46:23.630]	at com.caucho.server.http.HttpRequest.handleRequest(HttpRequest.java:273)
[2016.11.07 15:46:23.631]	at com.caucho.server.port.TcpConnection.run(TcpConnection.java:682)
[2016.11.07 15:46:23.631]	at com.caucho.util.ThreadPool$Item.runTasks(ThreadPool.java:743)
[2016.11.07 15:46:23.631]	at com.caucho.util.ThreadPool$Item.run(ThreadPool.java:662)
[2016.11.07 15:46:23.631]	at java.lang.Thread.run(Thread.java:745)
